0 info it worked if it ends with ok
1 verbose cli [ '/Users/dentuzhik/.nvm/versions/node/v5.9.1/bin/node',
1 verbose cli   '/Users/dentuzhik/.nvm/versions/node/v5.9.1/bin/npm',
1 verbose cli   'i',
1 verbose cli   'https://github.com/evanw/glfx.js.git' ]
2 info using npm@3.7.3
3 info using node@v5.9.1
4 silly loadCurrentTree Starting
5 silly install loadCurrentTree
6 silly install readLocalPackageData
7 silly fetchPackageMetaData https://github.com/evanw/glfx.js.git
8 silly fetchOtherPackageData https://github.com/evanw/glfx.js.git
9 silly cache add args [ 'https://github.com/evanw/glfx.js.git', null ]
10 verbose cache add spec https://github.com/evanw/glfx.js.git
11 silly cache add parsed spec Result {
11 silly cache add   raw: 'https://github.com/evanw/glfx.js.git',
11 silly cache add   scope: null,
11 silly cache add   name: null,
11 silly cache add   rawSpec: 'https://github.com/evanw/glfx.js.git',
11 silly cache add   spec: 'git+https://github.com/evanw/glfx.js.git',
11 silly cache add   type: 'hosted',
11 silly cache add   hosted:
11 silly cache add    { type: 'github',
11 silly cache add      ssh: 'git@github.com:evanw/glfx.js.git',
11 silly cache add      sshUrl: 'git+ssh://git@github.com/evanw/glfx.js.git',
11 silly cache add      httpsUrl: 'git+https://github.com/evanw/glfx.js.git',
11 silly cache add      gitUrl: 'git://github.com/evanw/glfx.js.git',
11 silly cache add      shortcut: 'github:evanw/glfx.js',
11 silly cache add      directUrl: 'https://raw.githubusercontent.com/evanw/glfx.js/master/package.json' } }
12 verbose addRemoteGit caching https://github.com/evanw/glfx.js.git
13 verbose addRemoteGit git+https://github.com/evanw/glfx.js.git is a repository hosted by github
14 silly tryClone cloning git+https://github.com/evanw/glfx.js.git via git+https://github.com/evanw/glfx.js.git
15 verbose tryClone git-https-github-com-evanw-glfx-js-git-02e3b84f not in flight; caching
16 verbose correctMkdir /Users/dentuzhik/.npm/_git-remotes correctMkdir not in flight; initializing
17 info git [ 'config', '--get', 'remote.origin.url' ]
18 silly validateExistingRemote git+https://github.com/evanw/glfx.js.git remote.origin.url: https://github.com/evanw/glfx.js.git
19 verbose validateExistingRemote git+https://github.com/evanw/glfx.js.git is updating existing cached remote /Users/dentuzhik/.npm/_git-remotes/git-https-github-com-evanw-glfx-js-git-02e3b84f
20 info git [ 'fetch', '-a', 'origin' ]
21 verbose updateRemote git fetch -a origin (https://github.com/evanw/glfx.js.git)
22 verbose correctMkdir /Users/dentuzhik/.npm/_git-remotes correctMkdir not in flight; initializing
23 verbose setPermissions git+https://github.com/evanw/glfx.js.git set permissions on /Users/dentuzhik/.npm/_git-remotes/git-https-github-com-evanw-glfx-js-git-02e3b84f
24 verbose resolveHead git+https://github.com/evanw/glfx.js.git original treeish: master
25 info git [ 'rev-list', '-n1', 'master' ]
26 silly resolveHead git+https://github.com/evanw/glfx.js.git resolved treeish: 58841c23919bd59787effc0333a4897b43835412
27 verbose resolveHead git+https://github.com/evanw/glfx.js.git resolved Git URL: git+https://github.com/evanw/glfx.js.git#58841c23919bd59787effc0333a4897b43835412
28 silly resolveHead Git working directory: /var/folders/g1/3ck_3brn47d02zqkjb3szk9c0000gp/T/npm-55198-6e5df6d8/git-cache-ce92727b/58841c23919bd59787effc0333a4897b43835412
29 info git [ 'clone',
29 info git   '/Users/dentuzhik/.npm/_git-remotes/git-https-github-com-evanw-glfx-js-git-02e3b84f',
29 info git   '/var/folders/g1/3ck_3brn47d02zqkjb3szk9c0000gp/T/npm-55198-6e5df6d8/git-cache-ce92727b/58841c23919bd59787effc0333a4897b43835412' ]
30 verbose cloneResolved git+https://github.com/evanw/glfx.js.git clone Cloning into '/var/folders/g1/3ck_3brn47d02zqkjb3szk9c0000gp/T/npm-55198-6e5df6d8/git-cache-ce92727b/58841c23919bd59787effc0333a4897b43835412'...
30 verbose cloneResolved done.
31 info git [ 'checkout', '58841c23919bd59787effc0333a4897b43835412' ]
32 verbose checkoutTreeish git+https://github.com/evanw/glfx.js.git checkout Note: checking out '58841c23919bd59787effc0333a4897b43835412'.
32 verbose checkoutTreeish
32 verbose checkoutTreeish You are in 'detached HEAD' state. You can look around, make experimental
32 verbose checkoutTreeish changes and commit them, and you can discard any commits you make in this
32 verbose checkoutTreeish state without impacting any branches by performing another checkout.
32 verbose checkoutTreeish
32 verbose checkoutTreeish If you want to create a new branch to retain commits you create, you may
32 verbose checkoutTreeish do so (now or later) by using -b with the checkout command again. Example:
32 verbose checkoutTreeish
32 verbose checkoutTreeish   git checkout -b <new-branch-name>
32 verbose checkoutTreeish
32 verbose checkoutTreeish HEAD is now at 58841c2... add support for OES_texture_float_linear with polyfill
33 info git [ 'submodule', '-q', 'update', '--init', '--recursive' ]
34 verbose updateSubmodules git+https://github.com/evanw/glfx.js.git submodule update
35 error addLocal Could not install /var/folders/g1/3ck_3brn47d02zqkjb3szk9c0000gp/T/npm-55198-6e5df6d8/git-cache-ce92727b/58841c23919bd59787effc0333a4897b43835412
36 silly fetchPackageMetaData Error: EISDIR: illegal operation on a directory, read
36 silly fetchPackageMetaData     at Error (native)
36 silly fetchPackageMetaData  error for https://github.com/evanw/glfx.js.git { [Error: EISDIR: illegal operation on a directory, read] errno: -21, code: 'EISDIR', syscall: 'read' }
37 silly rollbackFailedOptional Starting
38 silly rollbackFailedOptional Finishing
39 silly runTopLevelLifecycles Starting
40 silly runTopLevelLifecycles Finishing
41 silly install printInstalled
42 verbose stack Error: EISDIR: illegal operation on a directory, read
42 verbose stack     at Error (native)
43 verbose cwd /Users/dentuzhik/projects/pusher
44 error Darwin 15.3.0
45 error argv "/Users/dentuzhik/.nvm/versions/node/v5.9.1/bin/node" "/Users/dentuzhik/.nvm/versions/node/v5.9.1/bin/npm" "i" "https://github.com/evanw/glfx.js.git"
46 error node v5.9.1
47 error npm  v3.7.3
48 error code EISDIR
49 error errno -21
50 error syscall read
51 error eisdir EISDIR: illegal operation on a directory, read
52 error eisdir This is most likely not a problem with npm itself
52 error eisdir and is related to npm not being able to find a package.json in
52 error eisdir a package you are trying to install.
53 verbose exit [ -21, true ]
